TpTrace Verbose: 0 : 28236, 1, 2022/06/08, 12:23:18.061, 1676050518165, datacollector.dll, Version: 17.1.0-release-20220113-05
TpTrace Information: 0 : 28236, 1, 2022/06/08, 12:23:18.084, 1676050660309, datacollector.dll, DataCollectorMain.Run: Starting data collector run with args: --port,49420,--parentprocessid,24180,--diag,C:\Users\matthew.regis\source\repos\InstrumentProcessor\InstrumentProcessor\bin\Debug\netcoreapp3.1\fine-code-coverage\coverage-tool-output\diagnostics.datacollector.22-06-08_12-23-17_66858_5.log,--tracelevel,4
TpTrace Information: 0 : 28236, 1, 2022/06/08, 12:23:18.084, 1676050665762, datacollector.dll, DataCollector: Monitoring parent process with id: '24180'
TpTrace Information: 0 : 28236, 1, 2022/06/08, 12:23:18.124, 1676051059437, datacollector.dll, Trying to connect to server on socket : 127.0.0.1:49420 
TpTrace Verbose: 0 : 28236, 1, 2022/06/08, 12:23:18.141, 1676051231890, datacollector.dll, SocketCommunicationManager : SetupClientAsync : Attempting to connect to the server.
TpTrace Information: 0 : 28236, 8, 2022/06/08, 12:23:18.165, 1676051474182, datacollector.dll, Connected to the server successfully 
TpTrace Information: 0 : 28236, 8, 2022/06/08, 12:23:18.165, 1676051476018, datacollector.dll, Using the buffer size of 16384 bytes
TpTrace Information: 0 : 28236, 1, 2022/06/08, 12:23:18.381, 1676053628083, datacollector.dll, DataCollector: Start Request Processing.
TpTrace Information: 0 : 28236, 1, 2022/06/08, 12:23:18.395, 1676053775067, datacollector.dll, DataCollectionRequestHandler.ProcessRequests : Datacollector received message: (DataCollection.BeforeTestRunStart) -> {
  "SettingsXml": "<RunSettings><RunConfiguration><ResultsDirectory>C:\\Users\\matthew.regis\\source\\repos\\InstrumentProcessor\\InstrumentProcessor\\bin\\Debug\\netcoreapp3.1\\fine-code-coverage\\coverage-tool-output</ResultsDirectory><TargetPlatform>X64</TargetPlatform><TargetFrameworkVersion>.NETCoreApp,Version=v3.1</TargetFrameworkVersion><DesignMode>False</DesignMode><CollectSourceInformation>False</CollectSourceInformation><TestAdaptersPaths>C:\\Program Files\\dotnet\\sdk\\6.0.203\\Extensions</TestAdaptersPaths></RunConfiguration><LoggerRunSettings><Loggers><Logger friendlyName=\"blame\" enabled=\"True\" /><Logger friendlyName=\"Console\" uri=\"logger://microsoft/TestPlatform/ConsoleLogger/v1\" assemblyQualifiedName=\"Microsoft.VisualStudio.TestPlatform.CommandLine.Internal.ConsoleLogger, vstest.console, Version=15.0.0.0, Culture=neutral, PublicKeyToken=b03f5f7f11d50a3a\" codeBase=\"C:\\Program Files\\dotnet\\sdk\\6.0.203\\vstest.console.dll\" enabled=\"True\" /></Loggers></LoggerRunSettings><DataCollectionRunSettings><DataCollectors><DataCollector friendlyName=\"blame\" enabled=\"True\"><Configuration><ResultsDirectory>C:\\Users\\matthew.regis\\source\\repos\\InstrumentProcessor\\InstrumentProcessor\\bin\\Debug\\netcoreapp3.1\\fine-code-coverage\\coverage-tool-output</ResultsDirectory></Configuration></DataCollector></DataCollectors></DataCollectionRunSettings></RunSettings>",
  "Sources": [
    "C:\\Users\\matthew.regis\\source\\repos\\InstrumentProcessor\\InstrumentProcessor\\bin\\Debug\\netcoreapp3.1\\fine-code-coverage\\build-output\\InstrumentProcessor.dll"
  ],
  "IsTelemetryOptedIn": false
}
TpTrace Verbose: 0 : 28236, 1, 2022/06/08, 12:23:18.500, 1676054822328, datacollector.dll, TestPluginCache: Update extensions started. Skip filter = False
TpTrace Verbose: 0 : 28236, 1, 2022/06/08, 12:23:18.502, 1676054838719, datacollector.dll, TestPluginCache: Using directories for assembly resolution 'C:\Program Files\dotnet\sdk\6.0.203\Extensions'.
TpTrace Verbose: 0 : 28236, 1, 2022/06/08, 12:23:18.502, 1676054841919, datacollector.dll, TestPluginCache: Updated the available extensions to 'C:\Program Files\dotnet\sdk\6.0.203\Extensions\Microsoft.TestPlatform.Extensions.BlameDataCollector.dll,C:\Program Files\dotnet\sdk\6.0.203\Extensions\Microsoft.TestPlatform.Extensions.EventLogCollector.dll'.
TpTrace Verbose: 0 : 28236, 1, 2022/06/08, 12:23:18.522, 1676055041858, datacollector.dll, TestPluginCache.DiscoverTestExtensions: finding test extensions in assemblies ends with: Collector.dll TPluginInfo: Microsoft.VisualStudio.TestPlatform.Common.DataCollector.DataCollectorConfig TExtension: Microsoft.VisualStudio.TestPlatform.ObjectModel.DataCollection.DataCollector
TpTrace Verbose: 0 : 28236, 1, 2022/06/08, 12:23:18.523, 1676055048136, datacollector.dll, TestPluginCache.GetExtensionPaths: Filtered extension paths: C:\Program Files\dotnet\sdk\6.0.203\Extensions\Microsoft.TestPlatform.Extensions.BlameDataCollector.dll
C:\Program Files\dotnet\sdk\6.0.203\Extensions\Microsoft.TestPlatform.Extensions.EventLogCollector.dll
TpTrace Verbose: 0 : 28236, 1, 2022/06/08, 12:23:18.523, 1676055049619, datacollector.dll, TestPluginCache.GetExtensionPaths: Added default extension paths: 
TpTrace Verbose: 0 : 28236, 1, 2022/06/08, 12:23:18.523, 1676055050670, datacollector.dll, TestPluginCache.GetExtensionPaths: Added unfilterableExtensionPaths: 
TpTrace Information: 0 : 28236, 1, 2022/06/08, 12:23:18.524, 1676055066458, datacollector.dll, AssemblyResolver.ctor: Creating AssemblyResolver with searchDirectories C:\Program Files\dotnet\sdk\6.0.203\Extensions,C:\Program Files\dotnet\sdk\6.0.203
TpTrace Verbose: 0 : 28236, 1, 2022/06/08, 12:23:18.527, 1676055094493, datacollector.dll, TestPluginCache.DiscoverTestExtensions: Discovering the extensions using extension path.
TpTrace Verbose: 0 : 28236, 1, 2022/06/08, 12:23:18.528, 1676055098860, datacollector.dll, TestPluginCache.GetExtensionPaths: Filtered extension paths: C:\Program Files\dotnet\sdk\6.0.203\Extensions\Microsoft.TestPlatform.Extensions.BlameDataCollector.dll
C:\Program Files\dotnet\sdk\6.0.203\Extensions\Microsoft.TestPlatform.Extensions.EventLogCollector.dll
TpTrace Verbose: 0 : 28236, 1, 2022/06/08, 12:23:18.528, 1676055100347, datacollector.dll, TestPluginCache.GetExtensionPaths: Added default extension paths: 
TpTrace Verbose: 0 : 28236, 1, 2022/06/08, 12:23:18.528, 1676055101444, datacollector.dll, TestPluginCache.GetExtensionPaths: Added unfilterableExtensionPaths: 
TpTrace Verbose: 0 : 28236, 1, 2022/06/08, 12:23:18.528, 1676055103020, datacollector.dll, TestPluginCache.DiscoverTestExtensions: Discovering the extensions using allExtensionPaths: C:\Program Files\dotnet\sdk\6.0.203\Extensions\Microsoft.TestPlatform.Extensions.BlameDataCollector.dll
C:\Program Files\dotnet\sdk\6.0.203\Extensions\Microsoft.TestPlatform.Extensions.EventLogCollector.dll
TpTrace Information: 0 : 28236, 1, 2022/06/08, 12:23:18.528, 1676055105666, datacollector.dll, AssemblyResolver.AddSearchDirectories: Adding more searchDirectories C:\Program Files\dotnet\sdk\6.0.203\Extensions,C:\Program Files\dotnet\sdk\6.0.203
TpTrace Information: 0 : 28236, 1, 2022/06/08, 12:23:18.529, 1676055107090, datacollector.dll, AssemblyResolver.AddSearchDirectories: Adding more searchDirectories C:\Program Files\dotnet\sdk\6.0.203\Extensions,C:\Program Files\dotnet\sdk\6.0.203
TpTrace Information: 0 : 28236, 1, 2022/06/08, 12:23:18.529, 1676055116151, datacollector.dll, AssemblyResolver.OnResolve: Microsoft.TestPlatform.Extensions.BlameDataCollector: Resolving assembly.
TpTrace Information: 0 : 28236, 1, 2022/06/08, 12:23:18.530, 1676055118291, datacollector.dll, AssemblyResolver.OnResolve: Microsoft.TestPlatform.Extensions.BlameDataCollector: Searching in: 'C:\Program Files\dotnet\sdk\6.0.203\Extensions'.
TpTrace Information: 0 : 28236, 1, 2022/06/08, 12:23:18.531, 1676055136426, datacollector.dll, AssemblyResolver.OnResolve: Microsoft.TestPlatform.Extensions.BlameDataCollector: Loading assembly 'C:\Program Files\dotnet\sdk\6.0.203\Extensions\Microsoft.TestPlatform.Extensions.BlameDataCollector.dll'.
TpTrace Information: 0 : 28236, 1, 2022/06/08, 12:23:18.533, 1676055150842, datacollector.dll, AssemblyResolver.OnResolve: Resolved assembly: Microsoft.TestPlatform.Extensions.BlameDataCollector, from path: C:\Program Files\dotnet\sdk\6.0.203\Extensions\Microsoft.TestPlatform.Extensions.BlameDataCollector.dll
TpTrace Error: 0 : 28236, 1, 2022/06/08, 12:23:18.549, 1676055308929, datacollector.dll, The type "Microsoft.TestPlatform.Extensions.BlameDataCollector.BlameCollector" defined in "Microsoft.TestPlatform.Extensions.BlameDataCollector.dll" does not have ExtensionUri attribute.
TpTrace Information: 0 : 28236, 1, 2022/06/08, 12:23:18.552, 1676055337563, datacollector.dll, AssemblyResolver.OnResolve: Microsoft.TestPlatform.Extensions.EventLogCollector: Resolving assembly.
TpTrace Information: 0 : 28236, 1, 2022/06/08, 12:23:18.552, 1676055339347, datacollector.dll, AssemblyResolver.OnResolve: Microsoft.TestPlatform.Extensions.EventLogCollector: Searching in: 'C:\Program Files\dotnet\sdk\6.0.203\Extensions'.
TpTrace Information: 0 : 28236, 1, 2022/06/08, 12:23:18.554, 1676055359177, datacollector.dll, AssemblyResolver.OnResolve: Microsoft.TestPlatform.Extensions.EventLogCollector: Loading assembly 'C:\Program Files\dotnet\sdk\6.0.203\Extensions\Microsoft.TestPlatform.Extensions.EventLogCollector.dll'.
TpTrace Information: 0 : 28236, 1, 2022/06/08, 12:23:18.555, 1676055372783, datacollector.dll, AssemblyResolver.OnResolve: Resolved assembly: Microsoft.TestPlatform.Extensions.EventLogCollector, from path: C:\Program Files\dotnet\sdk\6.0.203\Extensions\Microsoft.TestPlatform.Extensions.EventLogCollector.dll
TpTrace Error: 0 : 28236, 1, 2022/06/08, 12:23:18.571, 1676055532130, datacollector.dll, The type "Microsoft.TestPlatform.Extensions.EventLogCollector.EventLogDataCollector" defined in "Microsoft.TestPlatform.Extensions.EventLogCollector.dll" does not have ExtensionUri attribute.
TpTrace Verbose: 0 : 28236, 1, 2022/06/08, 12:23:18.573, 1676055547929, datacollector.dll, TestPluginCache: Discovered the extensions using extension path 'C:\Program Files\dotnet\sdk\6.0.203\Extensions\Microsoft.TestPlatform.Extensions.BlameDataCollector.dll,C:\Program Files\dotnet\sdk\6.0.203\Extensions\Microsoft.TestPlatform.Extensions.EventLogCollector.dll'.
TpTrace Verbose: 0 : 28236, 1, 2022/06/08, 12:23:18.573, 1676055550294, datacollector.dll, TestPluginCache: Discoverers are ''.
TpTrace Verbose: 0 : 28236, 1, 2022/06/08, 12:23:18.573, 1676055552132, datacollector.dll, TestPluginCache: Executors are ''.
TpTrace Verbose: 0 : 28236, 1, 2022/06/08, 12:23:18.573, 1676055552876, datacollector.dll, TestPluginCache: Executors2 are ''.
TpTrace Verbose: 0 : 28236, 1, 2022/06/08, 12:23:18.573, 1676055553535, datacollector.dll, TestPluginCache: Setting providers are ''.
TpTrace Verbose: 0 : 28236, 1, 2022/06/08, 12:23:18.573, 1676055556410, datacollector.dll, TestPluginCache: Loggers are ''.
TpTrace Information: 0 : 28236, 1, 2022/06/08, 12:23:18.578, 1676055601558, datacollector.dll, TestPluginManager.CreateTestExtension: Attempting to load test extension: Microsoft.TestPlatform.Extensions.BlameDataCollector.BlameCollector
TpTrace Error: 0 : 28236, 1, 2022/06/08, 12:23:18.579, 1676055613401, datacollector.dll, The type "Microsoft.TestPlatform.Extensions.BlameDataCollector.BlameCollector" defined in "Microsoft.TestPlatform.Extensions.BlameDataCollector.dll" does not have ExtensionUri attribute.
TpTrace Information: 0 : 28236, 1, 2022/06/08, 12:23:18.693, 1676056749680, datacollector.dll, Listening on Endpoint : 127.0.0.1:49423
TpTrace Information: 0 : 28236, 1, 2022/06/08, 12:23:18.708, 1676056902612, datacollector.dll, DataCollectionRequestHandler.ProcessRequests : DataCollection started.
TpTrace Information: 0 : 28236, 1, 2022/06/08, 12:23:18.812, 1676057946224, datacollector.dll, DataCollectionRequestHandler.ProcessRequests : Datacollector received message: (DataCollection.TestHostLaunched) -> {
  "ProcessId": 22164
}
